<?xml version="1.0" encoding="UTF-8"?>
<!-- Generated by org.testng.reporters.JUnitXMLReporter -->
<testsuite ignored="10" hostname="shankar" failures="1" tests="3" name="Test" time="5.856" errors="0" timestamp="2025-05-03T00:14:23 IST">
  <testcase classname="com.actitime.testscript.CustomerModuleTestClass" name="createCustomer" time="0.011">
    <failure type="java.lang.AssertionError" message="null">
      <![CDATA[java.lang.AssertionError: null
at com.actitime.testscript.CustomerModuleTestClass.createCustomer(CustomerModuleTestClass.java:17)
at java.base/java.util.ArrayList.forEach(ArrayList.java:1597)
... Removed 27 stack frames]]>
    </failure>
  </testcase> <!-- createCustomer -->
  <testcase classname="com.actitime.testscript.TaskModule" name="createTask" time="0.002"/>
  <testcase classname="com.actitime.testscript.EventModule" name="createEvent" time="0.002"/>
  <testcase classname="com.actitime.testscript.CustomerModuleTestClass" name="deleteCustomer" time="0.0">
    <ignored/>
  </testcase> <!-- deleteCustomer -->
  <testcase classname="com.actitime.testscript.CustomerModuleTestClass" name="modifyCustomer" time="0.0">
    <ignored/>
  </testcase> <!-- modifyCustomer -->
  <testcase classname="com.actitime.generic.BaseClass" name="@BeforeTest openBrowser" time="0.0">
    <ignored/>
  </testcase> <!-- @BeforeTest openBrowser -->
  <testcase classname="com.actitime.generic.BaseClass" name="@BeforeTest openBrowser" time="0.0">
    <ignored/>
  </testcase> <!-- @BeforeTest openBrowser -->
  <testcase classname="com.actitime.testscript.EventModule" name="modifyEvent" time="0.0">
    <ignored/>
  </testcase> <!-- modifyEvent -->
  <testcase classname="com.actitime.testscript.TaskModule" name="deleteTask" time="0.0">
    <ignored/>
  </testcase> <!-- deleteTask -->
  <testcase classname="com.actitime.testscript.EventModule" name="deleteEvent" time="0.0">
    <ignored/>
  </testcase> <!-- deleteEvent -->
  <testcase classname="com.actitime.generic.BaseClass" name="@AfterTest closeBrowser" time="0.0">
    <ignored/>
  </testcase> <!-- @AfterTest closeBrowser -->
  <testcase classname="com.actitime.generic.BaseClass" name="@AfterTest closeBrowser" time="0.0">
    <ignored/>
  </testcase> <!-- @AfterTest closeBrowser -->
  <testcase classname="com.actitime.testscript.TaskModule" name="modifyTask" time="0.0">
    <ignored/>
  </testcase> <!-- modifyTask -->
</testsuite> <!-- Test -->
