<?xml version="1.0" encoding="UTF-8"?>
<testng-results ignored="6" total="9" passed="2" failed="1" skipped="0">
  <reporter-output>
    <line>
      <![CDATA[openBrowser]]>
    </line>
    <line>
      <![CDATA[login]]>
    </line>
    <line>
      <![CDATA[createCustomer]]>
    </line>
    <line>
      <![CDATA[logout]]>
    </line>
    <line>
      <![CDATA[login]]>
    </line>
    <line>
      <![CDATA[createTask]]>
    </line>
    <line>
      <![CDATA[logout]]>
    </line>
    <line>
      <![CDATA[login]]>
    </line>
    <line>
      <![CDATA[createEvent]]>
    </line>
    <line>
      <![CDATA[logout]]>
    </line>
    <line>
      <![CDATA[closeBrowser]]>
    </line>
  </reporter-output>
  <suite started-at="2025-05-03T00:14:17 IST" name="Suite" finished-at="2025-05-03T00:14:23 IST" duration-ms="5856">
    <groups>
      <group name="Smoke">
        <method signature="CustomerModuleTestClass.createCustomer()[pri:0, instance:com.actitime.testscript.CustomerModuleTestClass@76ed1b7c]" name="createCustomer" class="com.actitime.testscript.CustomerModuleTestClass"/>
        <method signature="EventModule.createEvent()[pri:0, instance:com.actitime.testscript.EventModule@32910148]" name="createEvent" class="com.actitime.testscript.EventModule"/>
        <method signature="TaskModule.createTask()[pri:0, instance:com.actitime.testscript.TaskModule@672872e1]" name="createTask" class="com.actitime.testscript.TaskModule"/>
      </group> <!-- Smoke -->
    </groups>
    <test started-at="2025-05-03T00:14:17 IST" name="Test" finished-at="2025-05-03T00:14:23 IST" duration-ms="5856">
      <class name="com.actitime.testscript.CustomerModuleTestClass">
        <test-method is-config="true" signature="openBrowser()[pri:0, instance:com.actitime.testscript.CustomerModuleTestClass@76ed1b7c]" started-at="2025-05-03T00:14:17 IST" name="openBrowser" finished-at="2025-05-03T00:14:19 IST" duration-ms="1809" status="PASS">
          <reporter-output>
            <line>
              <![CDATA[openBrowser]]>
            </line>
          </reporter-output>
        </test-method> <!-- openBrowser -->
        <test-method is-config="true" signature="login()[pri:0, instance:com.actitime.testscript.CustomerModuleTestClass@76ed1b7c]" started-at="2025-05-03T00:14:19 IST" name="login" finished-at="2025-05-03T00:14:19 IST" duration-ms="223" status="PASS">
          <reporter-output>
            <line>
              <![CDATA[login]]>
            </line>
          </reporter-output>
        </test-method> <!-- login -->
        <test-method signature="createCustomer()[pri:0, instance:com.actitime.testscript.CustomerModuleTestClass@76ed1b7c]" started-at="2025-05-03T00:14:19 IST" name="createCustomer" finished-at="2025-05-03T00:14:19 IST" duration-ms="11" status="FAIL">
          <exception class="java.lang.AssertionError">
            <message>
              <![CDATA[null]]>
            </message>
            <full-stacktrace>
              <![CDATA[java.lang.AssertionError: null
at org.testng.Assert.fail(Assert.java:111)
at org.testng.Assert.fail(Assert.java:116)
at com.actitime.testscript.CustomerModuleTestClass.createCustomer(CustomerModuleTestClass.java:17)
at java.base/jdk.internal.reflect.DirectMethodHandleAccessor.invoke(DirectMethodHandleAccessor.java:103)
at java.base/java.lang.reflect.Method.invoke(Method.java:580)
at org.testng.internal.invokers.MethodInvocationHelper.invokeMethod(MethodInvocationHelper.java:141)
at org.testng.internal.invokers.TestInvoker.invokeMethod(TestInvoker.java:687)
at org.testng.internal.invokers.TestInvoker.invokeTestMethod(TestInvoker.java:230)
at org.testng.internal.invokers.MethodRunner.runInSequence(MethodRunner.java:63)
at org.testng.internal.invokers.TestInvoker$MethodInvocationAgent.invoke(TestInvoker.java:995)
at org.testng.internal.invokers.TestInvoker.invokeTestMethods(TestInvoker.java:203)
at org.testng.internal.invokers.TestMethodWorker.invokeTestMethods(TestMethodWorker.java:154)
at org.testng.internal.invokers.TestMethodWorker.run(TestMethodWorker.java:134)
at java.base/java.util.ArrayList.forEach(ArrayList.java:1597)
at org.testng.TestRunner.privateRun(TestRunner.java:741)
at org.testng.TestRunner.run(TestRunner.java:616)
at org.testng.SuiteRunner.runTest(SuiteRunner.java:421)
at org.testng.SuiteRunner.runSequentially(SuiteRunner.java:413)
at org.testng.SuiteRunner.privateRun(SuiteRunner.java:373)
at org.testng.SuiteRunner.run(SuiteRunner.java:312)
at org.testng.SuiteRunnerWorker.runSuite(SuiteRunnerWorker.java:52)
at org.testng.SuiteRunnerWorker.run(SuiteRunnerWorker.java:95)
at org.testng.TestNG.runSuitesSequentially(TestNG.java:1274)
at org.testng.TestNG.runSuitesLocally(TestNG.java:1208)
at org.testng.TestNG.runSuites(TestNG.java:1112)
at org.testng.TestNG.run(TestNG.java:1079)
at org.testng.remote.AbstractRemoteTestNG.run(AbstractRemoteTestNG.java:115)
at org.testng.remote.RemoteTestNG.initAndRun(RemoteTestNG.java:293)
at org.testng.remote.RemoteTestNG.main(RemoteTestNG.java:91)
]]>
            </full-stacktrace>
          </exception> <!-- java.lang.AssertionError -->
          <reporter-output>
            <line>
              <![CDATA[createCustomer]]>
            </line>
          </reporter-output>
        </test-method> <!-- createCustomer -->
        <test-method is-config="true" signature="logout()[pri:0, instance:com.actitime.testscript.CustomerModuleTestClass@76ed1b7c]" started-at="2025-05-03T00:14:20 IST" name="logout" finished-at="2025-05-03T00:14:20 IST" duration-ms="463" status="PASS">
          <reporter-output>
            <line>
              <![CDATA[logout]]>
            </line>
          </reporter-output>
        </test-method> <!-- logout -->
        <test-method is-config="true" signature="closeBrowser()[pri:0, instance:com.actitime.testscript.CustomerModuleTestClass@76ed1b7c]" started-at="2025-05-03T00:14:22 IST" name="closeBrowser" finished-at="2025-05-03T00:14:23 IST" duration-ms="292" status="PASS">
          <reporter-output>
            <line>
              <![CDATA[closeBrowser]]>
            </line>
          </reporter-output>
        </test-method> <!-- closeBrowser -->
      </class> <!-- com.actitime.testscript.CustomerModuleTestClass -->
      <class name="com.actitime.testscript.EventModule">
        <test-method is-config="true" signature="login()[pri:0, instance:com.actitime.testscript.EventModule@32910148]" started-at="2025-05-03T00:14:21 IST" name="login" finished-at="2025-05-03T00:14:21 IST" duration-ms="170" status="PASS">
          <reporter-output>
            <line>
              <![CDATA[login]]>
            </line>
          </reporter-output>
        </test-method> <!-- login -->
        <test-method signature="createEvent()[pri:0, instance:com.actitime.testscript.EventModule@32910148]" started-at="2025-05-03T00:14:21 IST" name="createEvent" finished-at="2025-05-03T00:14:21 IST" duration-ms="2" status="PASS">
          <reporter-output>
            <line>
              <![CDATA[createEvent]]>
            </line>
          </reporter-output>
        </test-method> <!-- createEvent -->
        <test-method is-config="true" signature="logout()[pri:0, instance:com.actitime.testscript.EventModule@32910148]" started-at="2025-05-03T00:14:21 IST" name="logout" finished-at="2025-05-03T00:14:22 IST" duration-ms="961" status="PASS">
          <reporter-output>
            <line>
              <![CDATA[logout]]>
            </line>
          </reporter-output>
        </test-method> <!-- logout -->
      </class> <!-- com.actitime.testscript.EventModule -->
      <class name="com.actitime.testscript.TaskModule">
        <test-method is-config="true" signature="login()[pri:0, instance:com.actitime.testscript.TaskModule@672872e1]" started-at="2025-05-03T00:14:20 IST" name="login" finished-at="2025-05-03T00:14:20 IST" duration-ms="229" status="PASS">
          <reporter-output>
            <line>
              <![CDATA[login]]>
            </line>
          </reporter-output>
        </test-method> <!-- login -->
        <test-method signature="createTask()[pri:0, instance:com.actitime.testscript.TaskModule@672872e1]" started-at="2025-05-03T00:14:20 IST" name="createTask" finished-at="2025-05-03T00:14:20 IST" duration-ms="2" status="PASS">
          <reporter-output>
            <line>
              <![CDATA[createTask]]>
            </line>
          </reporter-output>
        </test-method> <!-- createTask -->
        <test-method is-config="true" signature="logout()[pri:0, instance:com.actitime.testscript.TaskModule@672872e1]" started-at="2025-05-03T00:14:20 IST" name="logout" finished-at="2025-05-03T00:14:21 IST" duration-ms="931" status="PASS">
          <reporter-output>
            <line>
              <![CDATA[logout]]>
            </line>
          </reporter-output>
        </test-method> <!-- logout -->
      </class> <!-- com.actitime.testscript.TaskModule -->
    </test> <!-- Test -->
  </suite> <!-- Suite -->
</testng-results>
